<?xml version="1.0" encoding="UTF-8"?>
<!-- Generated by org.testng.reporters.JUnitXMLReporter -->
<testsuite hostname="sbv6-Vostro-3268" ignored="0" name="Free CRM App Test Cases" tests="12" failures="0" timestamp="18 Aug 2018 10:01:53 GMT" time="207.404" errors="0">
  <testcase name="loginPageTitleTest" time="0.034" classname="com.crm.qa.testcases.LoginPageTest"/>
  <testcase name="verifyHomePageTitleTest" time="2.022" classname="com.crm.qa.testcases.HomePageTest"/>
  <testcase name="verifyContactPagelabel" time="0.989" classname="com.crm.qa.testcases.ContactsPageTest"/>
  <testcase name="crmLogoImageTest" time="0.063" classname="com.crm.qa.testcases.LoginPageTest"/>
  <testcase name="verifyUsernameTest" time="0.093" classname="com.crm.qa.testcases.HomePageTest"/>
  <testcase name="selectContactTest" time="3.761" classname="com.crm.qa.testcases.ContactsPageTest"/>
  <testcase name="loginTest" time="9.029" classname="com.crm.qa.testcases.LoginPageTest"/>
  <testcase name="verifyContactsLinkTest" time="0.177" classname="com.crm.qa.testcases.HomePageTest"/>
  <testcase name="selectMultipleContactTest" time="4.9" classname="com.crm.qa.testcases.ContactsPageTest"/>
  <testcase name="validateCreateNewContactTest" time="4.612" classname="com.crm.qa.testcases.ContactsPageTest"/>
  <testcase name="validateCreateNewContactTest" time="4.621" classname="com.crm.qa.testcases.ContactsPageTest"/>
  <testcase name="validateCreateNewContactTest" time="4.657" classname="com.crm.qa.testcases.ContactsPageTest"/>
</testsuite> <!-- Free CRM App Test Cases -->
