<?xml version="1.0" encoding="UTF-8"?>
<!-- Generated by org.testng.reporters.JUnitXMLReporter -->
<testsuite hostname="sbv6-Vostro-3268" ignored="0" name="Command line test" tests="12" failures="0" timestamp="20 Aug 2018 05:25:38 GMT" time="217.698" errors="0">
  <testcase name="verifyHomePageTitleTest" time="2.025" classname="com.crm.qa.testcases.HomePageTest"/>
  <testcase name="verifyContactPagelabel" time="1.1" classname="com.crm.qa.testcases.ContactsPageTest"/>
  <testcase name="loginPageTitleTest" time="0.084" classname="com.crm.qa.testcases.LoginPageTest"/>
  <testcase name="verifyUsernameTest" time="0.112" classname="com.crm.qa.testcases.HomePageTest"/>
  <testcase name="selectContactTest" time="3.888" classname="com.crm.qa.testcases.ContactsPageTest"/>
  <testcase name="crmLogoImageTest" time="0.09" classname="com.crm.qa.testcases.LoginPageTest"/>
  <testcase name="verifyContactsLinkTest" time="0.164" classname="com.crm.qa.testcases.HomePageTest"/>
  <testcase name="selectMultipleContactTest" time="5.001" classname="com.crm.qa.testcases.ContactsPageTest"/>
  <testcase name="loginTest" time="7.415" classname="com.crm.qa.testcases.LoginPageTest"/>
  <testcase name="validateCreateNewContactTest" time="4.726" classname="com.crm.qa.testcases.ContactsPageTest"/>
  <testcase name="validateCreateNewContactTest" time="4.714" classname="com.crm.qa.testcases.ContactsPageTest"/>
  <testcase name="validateCreateNewContactTest" time="4.919" classname="com.crm.qa.testcases.ContactsPageTest"/>
</testsuite> <!-- Command line test -->
