<?xml version="1.0" encoding="UTF-8" ?>
<testsuite tests="12" failures="0" name="TestSuite" time="34.241" errors="0" skipped="0">
  <properties>
[...]
</properties>
  <testcase classname="com.crm.qa.testcases.HomePageTest" name="verifyHomePageTitleTest" time="2.029"/>
  <testcase classname="com.crm.qa.testcases.ContactsPageTest" name="verifyContactPagelabel" time="1.099"/>
  <testcase classname="com.crm.qa.testcases.LoginPageTest" name="loginPageTitleTest" time="0.084"/>
  <testcase classname="com.crm.qa.testcases.HomePageTest" name="verifyUsernameTest" time="0.112"/>
  <testcase classname="com.crm.qa.testcases.ContactsPageTest" name="selectContactTest" time="3.886"/>
  <testcase classname="com.crm.qa.testcases.LoginPageTest" name="crmLogoImageTest" time="0.09"/>
  <testcase classname="com.crm.qa.testcases.HomePageTest" name="verifyContactsLinkTest" time="0.166"/>
  <testcase classname="com.crm.qa.testcases.ContactsPageTest" name="selectMultipleContactTest" time="5"/>
  <testcase classname="com.crm.qa.testcases.LoginPageTest" name="loginTest" time="7.415"/>
  <testcase classname="com.crm.qa.testcases.ContactsPageTest" name="validateCreateNewContactTest" time="4.726"/>
  <testcase classname="com.crm.qa.testcases.ContactsPageTest" name="validateCreateNewContactTest" time="4.714"/>
  <testcase classname="com.crm.qa.testcases.ContactsPageTest" name="validateCreateNewContactTest" time="4.92"/>
</testsuite>